<?xml version="1.0" encoding="UTF-8"?>
<!-- Generated by org.testng.reporters.JUnitReportReporter -->
<testsuite hostname="DESKTOP-7AVFUFP" failures="0" tests="1" name="org.hbox.Android.AppiumBasics1" time="64.082" errors="0" timestamp="2024-06-24T21:47:17 IST" skipped="0">
  <testcase classname="org.hbox.Android.AppiumBasics1" name="AppiumTest" time="64.082"/>
</testsuite> <!-- org.hbox.Android.AppiumBasics1 -->
