<?xml version="1.0" encoding="UTF-8"?>
<!-- Generated by org.testng.reporters.JUnitReportReporter -->
<testsuite hostname="DESKTOP-7AVFUFP" failures="0" tests="4" name="org.hbox.Android.eCommerce_tc_4_Hybrid" time="0.280" errors="2" timestamp="2024-07-01T17:20:35 IST" skipped="2">
  <testcase classname="org.hbox.Android.eCommerce_tc_4_Hybrid" name="preSetup" time="0.107">
    <error message="An unknown server-side error occurred while processing the command. Original error: Error executing adbExec. Original error: &#039;Command &#039;C:\\Users\\ranga\\AppData\\Local\\Android\\Sdk\\platform-tools\\adb.exe -P 5037 -s c52c1cee shell am start-activity&#039; exited with code 255&#039;; Command output: 
Exception occurred while executing &#039;start-activity&#039;:
java.lang.IllegalArgumentException: No intent supplied
	at android.content.Intent.parseCommandArgs(Intent.java:8640)
	at com.android.server.am.ActivityManagerShellCommand.makeIntent(ActivityManagerShellCommand.java:483)
	at com.android.server.am.ActivityManagerShellCommand.runStartActivity(ActivityManagerShellCommand.java:607)
	at com.android.server.am.ActivityManagerShellCommand.onCommand(ActivityManagerShellCommand.java:239)
	at com.android.modules.utils.BasicShellCommandHandler.exec(BasicShellCommandHandler.java:97)
	at android.os.ShellCommand.exec(ShellCommand.java:38)
	at com.android.server.am.ActivityManagerService.onShellCommand(ActivityManagerService.java:10536)
	at android.os.Binder.shellCommand(Binder.java:1092)
	at android.os.Binder.onTransact(Binder.java:912)
	at android.app.IActivityManager$Stub.onTransact(IActivityManager.java:5267)
	at com.android.server.am.ActivityManagerService.onTransact(ActivityManagerService.java:3005)
	at android.os.Binder.execTransactInternal(Binder.java:1392)
	at android.os.Binder.execTransact(Binder.java:1299)

Build info: version: &#039;4.21.0&#039;, revision: &#039;79ed462ef4&#039;
System info: os.name: &#039;Windows 10&#039;, os.arch: &#039;amd64&#039;, os.version: &#039;10.0&#039;, java.version: &#039;17.0.9&#039;
Driver info: io.appium.java_client.android.AndroidDriver
Command: [ad122728-96e0-4a0f-bc4b-13df7b21b8d0, executeScript {script=mobile: startActivity, args=[{appPackage=com.androidsample.generalstore, appActivity=com.androidsample.generalstore.MainActivity}]}]
Capabilities {appium:app: C:\Users\ranga\Desktop\seli..., appium:appPackage: com.androidsample.generalstore, appium:automationName: UIAutomator2, appium:chromedriverExecutable: C:\Users\ranga\Desktop\seli..., appium:databaseEnabled: false, appium:desired: {app: C:\Users\ranga\Desktop\seli..., automationName: UIAutomator2, chromedriverExecutable: C:\Users\ranga\Desktop\seli..., deviceName: OnePluse CHP2569, platformName: ANDROID}, appium:deviceApiLevel: 34, appium:deviceManufacturer: OnePlus, appium:deviceModel: CPH2569, appium:deviceName: c52c1cee, appium:deviceScreenDensity: 480, appium:deviceScreenSize: 1080x2412, appium:deviceUDID: c52c1cee, appium:javascriptEnabled: true, appium:locationContextEnabled: false, appium:networkConnectionEnabled: true, appium:pixelRatio: 3, appium:platformVersion: 14, appium:statBarHeight: 107, appium:takesScreenshot: true, appium:viewportRect: {height: 2305, left: 0, top: 107, width: 1080}, appium:warnings: {}, appium:webStorageEnabled: false, platformName: ANDROID}
Session ID: ad122728-96e0-4a0f-bc4b-13df7b21b8d0" type="org.openqa.selenium.WebDriverException">
      <![CDATA[org.openqa.selenium.WebDriverException: An unknown server-side error occurred while processing the command. Original error: Error executing adbExec. Original error: 'Command 'C:\\Users\\ranga\\AppData\\Local\\Android\\Sdk\\platform-tools\\adb.exe -P 5037 -s c52c1cee shell am start-activity' exited with code 255'; Command output: 
Exception occurred while executing 'start-activity':
java.lang.IllegalArgumentException: No intent supplied
at android.content.Intent.parseCommandArgs(Intent.java:8640)
at com.android.server.am.ActivityManagerShellCommand.makeIntent(ActivityManagerShellCommand.java:483)
at com.android.server.am.ActivityManagerShellCommand.runStartActivity(ActivityManagerShellCommand.java:607)
at com.android.server.am.ActivityManagerShellCommand.onCommand(ActivityManagerShellCommand.java:239)
at com.android.modules.utils.BasicShellCommandHandler.exec(BasicShellCommandHandler.java:97)
at android.os.ShellCommand.exec(ShellCommand.java:38)
at com.android.server.am.ActivityManagerService.onShellCommand(ActivityManagerService.java:10536)
at android.os.Binder.shellCommand(Binder.java:1092)
at android.os.Binder.onTransact(Binder.java:912)
at android.app.IActivityManager$Stub.onTransact(IActivityManager.java:5267)
at com.android.server.am.ActivityManagerService.onTransact(ActivityManagerService.java:3005)
at android.os.Binder.execTransactInternal(Binder.java:1392)
at android.os.Binder.execTransact(Binder.java:1299)

Build info: version: '4.21.0', revision: '79ed462ef4'
System info: os.name: 'Windows 10', os.arch: 'amd64', os.version: '10.0', java.version: '17.0.9'
Driver info: io.appium.java_client.android.AndroidDriver
Command: [ad122728-96e0-4a0f-bc4b-13df7b21b8d0, executeScript {script=mobile: startActivity, args=[{appPackage=com.androidsample.generalstore, appActivity=com.androidsample.generalstore.MainActivity}]}]
Capabilities {appium:app: C:\Users\ranga\Desktop\seli..., appium:appPackage: com.androidsample.generalstore, appium:automationName: UIAutomator2, appium:chromedriverExecutable: C:\Users\ranga\Desktop\seli..., appium:databaseEnabled: false, appium:desired: {app: C:\Users\ranga\Desktop\seli..., automationName: UIAutomator2, chromedriverExecutable: C:\Users\ranga\Desktop\seli..., deviceName: OnePluse CHP2569, platformName: ANDROID}, appium:deviceApiLevel: 34, appium:deviceManufacturer: OnePlus, appium:deviceModel: CPH2569, appium:deviceName: c52c1cee, appium:deviceScreenDensity: 480, appium:deviceScreenSize: 1080x2412, appium:deviceUDID: c52c1cee, appium:javascriptEnabled: true, appium:locationContextEnabled: false, appium:networkConnectionEnabled: true, appium:pixelRatio: 3, appium:platformVersion: 14, appium:statBarHeight: 107, appium:takesScreenshot: true, appium:viewportRect: {height: 2305, left: 0, top: 107, width: 1080}, appium:warnings: {}, appium:webStorageEnabled: false, platformName: ANDROID}
Session ID: ad122728-96e0-4a0f-bc4b-13df7b21b8d0
at java.base/jdk.internal.reflect.NativeConstructorAccessorImpl.newInstance0(Native Method)
at java.base/jdk.internal.reflect.NativeConstructorAccessorImpl.newInstance(NativeConstructorAccessorImpl.java:77)
at java.base/jdk.internal.reflect.DelegatingConstructorAccessorImpl.newInstance(DelegatingConstructorAccessorImpl.java:45)
at java.base/java.lang.reflect.Constructor.newInstanceWithCaller(Constructor.java:499)
at java.base/java.lang.reflect.Constructor.newInstance(Constructor.java:480)
at org.openqa.selenium.remote.ErrorCodec.decode(ErrorCodec.java:167)
at org.openqa.selenium.remote.codec.w3c.W3CHttpResponseCodec.decode(W3CHttpResponseCodec.java:138)
at org.openqa.selenium.remote.codec.w3c.W3CHttpResponseCodec.decode(W3CHttpResponseCodec.java:50)
at org.openqa.selenium.remote.HttpCommandExecutor.execute(HttpCommandExecutor.java:190)
at io.appium.java_client.remote.AppiumCommandExecutor.execute(AppiumCommandExecutor.java:237)
at org.openqa.selenium.remote.RemoteWebDriver.execute(RemoteWebDriver.java:518)
at org.openqa.selenium.remote.RemoteWebDriver.executeScript(RemoteWebDriver.java:463)
at org.hbox.Android.TestUtils.AndroidBaseTest.setActivity(AndroidBaseTest.java:61)
at org.hbox.Android.eCommerce_tc_4_Hybrid.preSetup(eCommerce_tc_4_Hybrid.java:62)
at java.base/jdk.internal.reflect.NativeMethodAccessorImpl.invoke0(Native Method)
at java.base/jdk.internal.reflect.NativeMethodAccessorImpl.invoke(NativeMethodAccessorImpl.java:77)
at java.base/jdk.internal.reflect.DelegatingMethodAccessorImpl.invoke(DelegatingMethodAccessorImpl.java:43)
at java.base/java.lang.reflect.Method.invoke(Method.java:568)
at org.testng.internal.invokers.MethodInvocationHelper.invokeMethod(MethodInvocationHelper.java:141)
at org.testng.internal.invokers.MethodInvocationHelper.invokeMethodConsideringTimeout(MethodInvocationHelper.java:71)
at org.testng.internal.invokers.ConfigInvoker.invokeConfigurationMethod(ConfigInvoker.java:400)
at org.testng.internal.invokers.ConfigInvoker.invokeConfigurations(ConfigInvoker.java:333)
at org.testng.internal.invokers.TestInvoker.runConfigMethods(TestInvoker.java:833)
at org.testng.internal.invokers.TestInvoker.invokeMethod(TestInvoker.java:600)
at org.testng.internal.invokers.TestInvoker.invokeTestMethod(TestInvoker.java:230)
at org.testng.internal.invokers.MethodRunner.runInSequence(MethodRunner.java:63)
at org.testng.internal.invokers.TestInvoker$MethodInvocationAgent.invoke(TestInvoker.java:992)
at org.testng.internal.invokers.TestInvoker.invokeTestMethods(TestInvoker.java:203)
at org.testng.internal.invokers.TestMethodWorker.invokeTestMethods(TestMethodWorker.java:154)
at org.testng.internal.invokers.TestMethodWorker.run(TestMethodWorker.java:134)
at java.base/java.util.ArrayList.forEach(ArrayList.java:1511)
at org.testng.TestRunner.privateRun(TestRunner.java:739)
at org.testng.TestRunner.run(TestRunner.java:614)
at org.testng.SuiteRunner.runTest(SuiteRunner.java:421)
at org.testng.SuiteRunner.runSequentially(SuiteRunner.java:413)
at org.testng.SuiteRunner.privateRun(SuiteRunner.java:373)
at org.testng.SuiteRunner.run(SuiteRunner.java:312)
at org.testng.SuiteRunnerWorker.runSuite(SuiteRunnerWorker.java:52)
at org.testng.SuiteRunnerWorker.run(SuiteRunnerWorker.java:95)
at org.testng.TestNG.runSuitesSequentially(TestNG.java:1274)
at org.testng.TestNG.runSuitesLocally(TestNG.java:1208)
at org.testng.TestNG.runSuites(TestNG.java:1112)
at org.testng.TestNG.run(TestNG.java:1079)
at org.testng.remote.AbstractRemoteTestNG.run(AbstractRemoteTestNG.java:115)
at org.testng.remote.RemoteTestNG.initAndRun(RemoteTestNG.java:293)
at org.testng.remote.RemoteTestNG.main(RemoteTestNG.java:91)
]]>
    </error>
  </testcase> <!-- preSetup -->
  <testcase classname="org.hbox.Android.eCommerce_tc_4_Hybrid" name="preSetup" time="0.173">
    <error message="An unknown server-side error occurred while processing the command. Original error: Error executing adbExec. Original error: &#039;Command &#039;C:\\Users\\ranga\\AppData\\Local\\Android\\Sdk\\platform-tools\\adb.exe -P 5037 -s c52c1cee shell am start-activity&#039; exited with code 255&#039;; Command output: 
Exception occurred while executing &#039;start-activity&#039;:
java.lang.IllegalArgumentException: No intent supplied
	at android.content.Intent.parseCommandArgs(Intent.java:8640)
	at com.android.server.am.ActivityManagerShellCommand.makeIntent(ActivityManagerShellCommand.java:483)
	at com.android.server.am.ActivityManagerShellCommand.runStartActivity(ActivityManagerShellCommand.java:607)
	at com.android.server.am.ActivityManagerShellCommand.onCommand(ActivityManagerShellCommand.java:239)
	at com.android.modules.utils.BasicShellCommandHandler.exec(BasicShellCommandHandler.java:97)
	at android.os.ShellCommand.exec(ShellCommand.java:38)
	at com.android.server.am.ActivityManagerService.onShellCommand(ActivityManagerService.java:10536)
	at android.os.Binder.shellCommand(Binder.java:1092)
	at android.os.Binder.onTransact(Binder.java:912)
	at android.app.IActivityManager$Stub.onTransact(IActivityManager.java:5267)
	at com.android.server.am.ActivityManagerService.onTransact(ActivityManagerService.java:3005)
	at android.os.Binder.execTransactInternal(Binder.java:1392)
	at android.os.Binder.execTransact(Binder.java:1299)

Build info: version: &#039;4.21.0&#039;, revision: &#039;79ed462ef4&#039;
System info: os.name: &#039;Windows 10&#039;, os.arch: &#039;amd64&#039;, os.version: &#039;10.0&#039;, java.version: &#039;17.0.9&#039;
Driver info: io.appium.java_client.android.AndroidDriver
Command: [ad122728-96e0-4a0f-bc4b-13df7b21b8d0, executeScript {script=mobile: startActivity, args=[{appPackage=com.androidsample.generalstore, appActivity=com.androidsample.generalstore.MainActivity}]}]
Capabilities {appium:app: C:\Users\ranga\Desktop\seli..., appium:appPackage: com.androidsample.generalstore, appium:automationName: UIAutomator2, appium:chromedriverExecutable: C:\Users\ranga\Desktop\seli..., appium:databaseEnabled: false, appium:desired: {app: C:\Users\ranga\Desktop\seli..., automationName: UIAutomator2, chromedriverExecutable: C:\Users\ranga\Desktop\seli..., deviceName: OnePluse CHP2569, platformName: ANDROID}, appium:deviceApiLevel: 34, appium:deviceManufacturer: OnePlus, appium:deviceModel: CPH2569, appium:deviceName: c52c1cee, appium:deviceScreenDensity: 480, appium:deviceScreenSize: 1080x2412, appium:deviceUDID: c52c1cee, appium:javascriptEnabled: true, appium:locationContextEnabled: false, appium:networkConnectionEnabled: true, appium:pixelRatio: 3, appium:platformVersion: 14, appium:statBarHeight: 107, appium:takesScreenshot: true, appium:viewportRect: {height: 2305, left: 0, top: 107, width: 1080}, appium:warnings: {}, appium:webStorageEnabled: false, platformName: ANDROID}
Session ID: ad122728-96e0-4a0f-bc4b-13df7b21b8d0" type="org.openqa.selenium.WebDriverException">
      <![CDATA[org.openqa.selenium.WebDriverException: An unknown server-side error occurred while processing the command. Original error: Error executing adbExec. Original error: 'Command 'C:\\Users\\ranga\\AppData\\Local\\Android\\Sdk\\platform-tools\\adb.exe -P 5037 -s c52c1cee shell am start-activity' exited with code 255'; Command output: 
Exception occurred while executing 'start-activity':
java.lang.IllegalArgumentException: No intent supplied
at android.content.Intent.parseCommandArgs(Intent.java:8640)
at com.android.server.am.ActivityManagerShellCommand.makeIntent(ActivityManagerShellCommand.java:483)
at com.android.server.am.ActivityManagerShellCommand.runStartActivity(ActivityManagerShellCommand.java:607)
at com.android.server.am.ActivityManagerShellCommand.onCommand(ActivityManagerShellCommand.java:239)
at com.android.modules.utils.BasicShellCommandHandler.exec(BasicShellCommandHandler.java:97)
at android.os.ShellCommand.exec(ShellCommand.java:38)
at com.android.server.am.ActivityManagerService.onShellCommand(ActivityManagerService.java:10536)
at android.os.Binder.shellCommand(Binder.java:1092)
at android.os.Binder.onTransact(Binder.java:912)
at android.app.IActivityManager$Stub.onTransact(IActivityManager.java:5267)
at com.android.server.am.ActivityManagerService.onTransact(ActivityManagerService.java:3005)
at android.os.Binder.execTransactInternal(Binder.java:1392)
at android.os.Binder.execTransact(Binder.java:1299)

Build info: version: '4.21.0', revision: '79ed462ef4'
System info: os.name: 'Windows 10', os.arch: 'amd64', os.version: '10.0', java.version: '17.0.9'
Driver info: io.appium.java_client.android.AndroidDriver
Command: [ad122728-96e0-4a0f-bc4b-13df7b21b8d0, executeScript {script=mobile: startActivity, args=[{appPackage=com.androidsample.generalstore, appActivity=com.androidsample.generalstore.MainActivity}]}]
Capabilities {appium:app: C:\Users\ranga\Desktop\seli..., appium:appPackage: com.androidsample.generalstore, appium:automationName: UIAutomator2, appium:chromedriverExecutable: C:\Users\ranga\Desktop\seli..., appium:databaseEnabled: false, appium:desired: {app: C:\Users\ranga\Desktop\seli..., automationName: UIAutomator2, chromedriverExecutable: C:\Users\ranga\Desktop\seli..., deviceName: OnePluse CHP2569, platformName: ANDROID}, appium:deviceApiLevel: 34, appium:deviceManufacturer: OnePlus, appium:deviceModel: CPH2569, appium:deviceName: c52c1cee, appium:deviceScreenDensity: 480, appium:deviceScreenSize: 1080x2412, appium:deviceUDID: c52c1cee, appium:javascriptEnabled: true, appium:locationContextEnabled: false, appium:networkConnectionEnabled: true, appium:pixelRatio: 3, appium:platformVersion: 14, appium:statBarHeight: 107, appium:takesScreenshot: true, appium:viewportRect: {height: 2305, left: 0, top: 107, width: 1080}, appium:warnings: {}, appium:webStorageEnabled: false, platformName: ANDROID}
Session ID: ad122728-96e0-4a0f-bc4b-13df7b21b8d0
at java.base/jdk.internal.reflect.NativeConstructorAccessorImpl.newInstance0(Native Method)
at java.base/jdk.internal.reflect.NativeConstructorAccessorImpl.newInstance(NativeConstructorAccessorImpl.java:77)
at java.base/jdk.internal.reflect.DelegatingConstructorAccessorImpl.newInstance(DelegatingConstructorAccessorImpl.java:45)
at java.base/java.lang.reflect.Constructor.newInstanceWithCaller(Constructor.java:499)
at java.base/java.lang.reflect.Constructor.newInstance(Constructor.java:480)
at org.openqa.selenium.remote.ErrorCodec.decode(ErrorCodec.java:167)
at org.openqa.selenium.remote.codec.w3c.W3CHttpResponseCodec.decode(W3CHttpResponseCodec.java:138)
at org.openqa.selenium.remote.codec.w3c.W3CHttpResponseCodec.decode(W3CHttpResponseCodec.java:50)
at org.openqa.selenium.remote.HttpCommandExecutor.execute(HttpCommandExecutor.java:190)
at io.appium.java_client.remote.AppiumCommandExecutor.execute(AppiumCommandExecutor.java:237)
at org.openqa.selenium.remote.RemoteWebDriver.execute(RemoteWebDriver.java:518)
at org.openqa.selenium.remote.RemoteWebDriver.executeScript(RemoteWebDriver.java:463)
at org.hbox.Android.TestUtils.AndroidBaseTest.setActivity(AndroidBaseTest.java:61)
at org.hbox.Android.eCommerce_tc_4_Hybrid.preSetup(eCommerce_tc_4_Hybrid.java:62)
at java.base/jdk.internal.reflect.NativeMethodAccessorImpl.invoke0(Native Method)
at java.base/jdk.internal.reflect.NativeMethodAccessorImpl.invoke(NativeMethodAccessorImpl.java:77)
at java.base/jdk.internal.reflect.DelegatingMethodAccessorImpl.invoke(DelegatingMethodAccessorImpl.java:43)
at java.base/java.lang.reflect.Method.invoke(Method.java:568)
at org.testng.internal.invokers.MethodInvocationHelper.invokeMethod(MethodInvocationHelper.java:141)
at org.testng.internal.invokers.MethodInvocationHelper.invokeMethodConsideringTimeout(MethodInvocationHelper.java:71)
at org.testng.internal.invokers.ConfigInvoker.invokeConfigurationMethod(ConfigInvoker.java:400)
at org.testng.internal.invokers.ConfigInvoker.invokeConfigurations(ConfigInvoker.java:333)
at org.testng.internal.invokers.TestInvoker.runConfigMethods(TestInvoker.java:833)
at org.testng.internal.invokers.TestInvoker.invokeMethod(TestInvoker.java:600)
at org.testng.internal.invokers.TestInvoker.invokeTestMethod(TestInvoker.java:230)
at org.testng.internal.invokers.MethodRunner.runInSequence(MethodRunner.java:63)
at org.testng.internal.invokers.TestInvoker$MethodInvocationAgent.invoke(TestInvoker.java:992)
at org.testng.internal.invokers.TestInvoker.invokeTestMethods(TestInvoker.java:203)
at org.testng.internal.invokers.TestMethodWorker.invokeTestMethods(TestMethodWorker.java:154)
at org.testng.internal.invokers.TestMethodWorker.run(TestMethodWorker.java:134)
at java.base/java.util.ArrayList.forEach(ArrayList.java:1511)
at org.testng.TestRunner.privateRun(TestRunner.java:739)
at org.testng.TestRunner.run(TestRunner.java:614)
at org.testng.SuiteRunner.runTest(SuiteRunner.java:421)
at org.testng.SuiteRunner.runSequentially(SuiteRunner.java:413)
at org.testng.SuiteRunner.privateRun(SuiteRunner.java:373)
at org.testng.SuiteRunner.run(SuiteRunner.java:312)
at org.testng.SuiteRunnerWorker.runSuite(SuiteRunnerWorker.java:52)
at org.testng.SuiteRunnerWorker.run(SuiteRunnerWorker.java:95)
at org.testng.TestNG.runSuitesSequentially(TestNG.java:1274)
at org.testng.TestNG.runSuitesLocally(TestNG.java:1208)
at org.testng.TestNG.runSuites(TestNG.java:1112)
at org.testng.TestNG.run(TestNG.java:1079)
at org.testng.remote.AbstractRemoteTestNG.run(AbstractRemoteTestNG.java:115)
at org.testng.remote.RemoteTestNG.initAndRun(RemoteTestNG.java:293)
at org.testng.remote.RemoteTestNG.main(RemoteTestNG.java:91)
]]>
    </error>
  </testcase> <!-- preSetup -->
  <testcase classname="org.hbox.Android.eCommerce_tc_4_Hybrid" name="AppiumTest" time="0.000">
    <skipped/>
  </testcase> <!-- AppiumTest -->
  <testcase classname="org.hbox.Android.eCommerce_tc_4_Hybrid" name="AppiumTest" time="0.000">
    <skipped/>
  </testcase> <!-- AppiumTest -->
</testsuite> <!-- org.hbox.Android.eCommerce_tc_4_Hybrid -->
